LaunchAgent: Requesting launchctl Disable of com.apple.icloud.fmfd
LaunchAgent: Already Renamed com.apple.icloud.fmfd.plist to com.apple.icloud.fmfd.plist.bak

LaunchAgent: Requesting launchctl Disable of com.apple.iCloudNotificationAgent
LaunchAgent: Already Renamed com.apple.iCloudNotificationAgent.plist to com.apple.iCloudNotificationAgent.plist.bak

LaunchAgent: Requesting launchctl Disable of com.apple.iCloudUserNotifications
LaunchAgent: Already Renamed com.apple.iCloudUserNotifications.plist to com.apple.iCloudUserNotifications.plist.bak

LaunchAgent: Requesting launchctl Disable of com.apple.icloud.searchpartyuseragent
LaunchAgent: Already Renamed com.apple.icloud.searchpartyuseragent.plist to com.apple.icloud.searchpartyuseragent.plist.bak

LaunchAgent: Requesting launchctl Disable of com.apple.icloud.findmydeviced.findmydevice-user-agent
LaunchAgent: Already Renamed com.apple.icloud.findmydeviced.findmydevice-user-agent.plist to com.apple.icloud.findmydeviced.findmydevice-user-agent.plist.bak

LaunchAgent: Requesting launchctl Disable of com.apple.cloudd
LaunchAgent: Already Renamed com.apple.cloudd.plist to com.apple.cloudd.plist.bak

LaunchAgent: Requesting launchctl Disable of com.apple.cloudpaird
LaunchAgent: Already Renamed com.apple.cloudpaird.plist to com.apple.cloudpaird.plist.bak

LaunchAgent: Requesting launchctl Disable of com.apple.cloudphotod
LaunchAgent: Already Renamed com.apple.cloudphotod.plist to com.apple.cloudphotod.plist.bak

LaunchAgent: Requesting launchctl Disable of com.apple.CloudSettingsSyncAgent
LaunchAgent: Already Renamed com.apple.CloudSettingsSyncAgent.plist to com.apple.CloudSettingsSyncAgent.plist.bak

LaunchAgent: Requesting launchctl Disable of com.apple.dataaccess.dataaccessd
LaunchAgent: Already Renamed com.apple.dataaccess.dataaccessd.plist to com.apple.dataaccess.dataaccessd.plist.bak

LaunchAgent: Requesting launchctl Disable of com.apple.itunescloudd
LaunchAgent: Already Renamed com.apple.itunescloudd.plist to com.apple.itunescloudd.plist.bak

LaunchAgent: Requesting launchctl Disable of com.apple.syncdefaultsd
LaunchAgent: Already Renamed com.apple.syncdefaultsd.plist to com.apple.syncdefaultsd.plist.bak

LaunchAgent: Requesting launchctl Disable of com.apple.followupd
LaunchAgent: Already Renamed com.apple.followupd.plist to com.apple.followupd.plist.bak

LaunchAgent: Requesting launchctl Disable of com.apple.amsengagementd
LaunchAgent: Already Renamed com.apple.amsengagementd.plist to com.apple.amsengagementd.plist.bak

LaunchAgent: Requesting launchctl Disable of com.apple.sociallayerd
LaunchAgent: Already Renamed com.apple.sociallayerd.plist to com.apple.sociallayerd.plist.bak

LaunchAgent: Requesting launchctl Disable of com.apple.protectedcloudstorage.protectedcloudkeysyncing
LaunchAgent: Already Renamed com.apple.protectedcloudstorage.protectedcloudkeysyncing.plist to com.apple.protectedcloudstorage.protectedcloudkeysyncing.plist.bak

LaunchAgent: Requesting launchctl Disable of com.apple.security.cloudkeychainproxy3
LaunchAgent: Already Renamed com.apple.security.cloudkeychainproxy3.plist to com.apple.security.cloudkeychainproxy3.plist.bak

LaunchAgent: Requesting launchctl Disable of com.apple.ManagedClientAgent.enrollagent
LaunchAgent: Already Renamed com.apple.ManagedClientAgent.enrollagent.plist to com.apple.ManagedClientAgent.enrollagent.plist.bak

LaunchAgent: Requesting launchctl Disable of com.apple.ManagedClientAgent.agent
LaunchAgent: Already Renamed com.apple.ManagedClientAgent.agent.plist to com.apple.ManagedClientAgent.agent.plist.bak

LaunchAgent: Requesting launchctl Disable of com.apple.ap.adprivacyd
LaunchAgent: Already Renamed com.apple.ap.adprivacyd.plist to com.apple.ap.adprivacyd.plist.bak

LaunchAgent: Requesting launchctl Disable of com.apple.ap.promotedcontentd
LaunchAgent: Already Renamed com.apple.ap.promotedcontentd.plist to com.apple.ap.promotedcontentd.plist.bak

LaunchAgent: Requesting launchctl Disable of com.apple.contactsd
LaunchAgent: Already Renamed com.apple.contactsd.plist to com.apple.contactsd.plist.bak

LaunchAgent: Requesting launchctl Disable of com.apple.AddressBook.AssistantService
LaunchAgent: Already Renamed com.apple.AddressBook.AssistantService.plist to com.apple.AddressBook.AssistantService.plist.bak

LaunchAgent: Requesting launchctl Disable of com.apple.AddressBook.SourceSync
LaunchAgent: Already Renamed com.apple.AddressBook.SourceSync.plist to com.apple.AddressBook.SourceSync.plist.bak

LaunchAgent: Requesting launchctl Disable of com.apple.AddressBook.abd
LaunchAgent: Already Renamed com.apple.AddressBook.abd.plist to com.apple.AddressBook.abd.plist.bak

LaunchAgent: Requesting launchctl Disable of com.apple.calaccessd
LaunchAgent: Already Renamed com.apple.calaccessd.plist to com.apple.calaccessd.plist.bak

LaunchAgent: Requesting launchctl Disable of com.apple.CallHistoryPluginHelper
LaunchAgent: Already Renamed com.apple.CallHistoryPluginHelper.plist to com.apple.CallHistoryPluginHelper.plist.bak

LaunchAgent: Requesting launchctl Disable of com.apple.familycircled
LaunchAgent: Already Renamed com.apple.familycircled.plist to com.apple.familycircled.plist.bak

LaunchAgent: Requesting launchctl Disable of com.apple.familycontrols.useragent
LaunchAgent: Already Renamed com.apple.familycontrols.useragent.plist to com.apple.familycontrols.useragent.plist.bak

LaunchAgent: Requesting launchctl Disable of com.apple.familynotificationd
LaunchAgent: Already Renamed com.apple.familynotificationd.plist to com.apple.familynotificationd.plist.bak

LaunchAgent: Requesting launchctl Disable of com.apple.UsageTrackingAgent
LaunchAgent: Already Renamed com.apple.UsageTrackingAgent.plist to com.apple.UsageTrackingAgent.plist.bak

LaunchAgent: Requesting launchctl Disable of com.apple.financed
LaunchAgent: Already Renamed com.apple.financed.plist to com.apple.financed.plist.bak

LaunchAgent: Requesting launchctl Disable of com.apple.gamed
LaunchAgent: Already Renamed com.apple.gamed.plist to com.apple.gamed.plist.bak

LaunchAgent: Requesting launchctl Disable of com.apple.newsd
LaunchAgent: Already Renamed com.apple.newsd.plist to com.apple.newsd.plist.bak

LaunchAgent: Requesting launchctl Disable of com.apple.weatherd
LaunchAgent: Already Renamed com.apple.weatherd.plist to com.apple.weatherd.plist.bak

LaunchAgent: Requesting launchctl Disable of com.apple.macos.studentd
LaunchAgent: Already Renamed com.apple.macos.studentd.plist to com.apple.macos.studentd.plist.bak

LaunchAgent: Requesting launchctl Disable of com.apple.progressd
LaunchAgent: Already Renamed com.apple.progressd.plist to com.apple.progressd.plist.bak

LaunchAgent: Requesting launchctl Disable of com.apple.remindd
LaunchAgent: Already Renamed com.apple.remindd.plist to com.apple.remindd.plist.bak

LaunchAgent: Requesting launchctl Disable of com.apple.helpd
LaunchAgent: Already Renamed com.apple.helpd.plist to com.apple.helpd.plist.bak

LaunchAgent: Requesting launchctl Disable of com.apple.tipsd
LaunchAgent: Already Renamed com.apple.tipsd.plist to com.apple.tipsd.plist.bak

LaunchAgent: Requesting launchctl Disable of com.apple.assistant_service
LaunchAgent: Already Renamed com.apple.assistant_service.plist to com.apple.assistant_service.plist.bak

LaunchAgent: Requesting launchctl Disable of com.apple.assistantd
LaunchAgent: Already Renamed com.apple.assistantd.plist to com.apple.assistantd.plist.bak

LaunchAgent: Requesting launchctl Disable of com.apple.imagent
LaunchAgent: Already Renamed com.apple.imagent.plist to com.apple.imagent.plist.bak

LaunchAgent: Requesting launchctl Disable of com.apple.imautomatichistorydeletionagent
LaunchAgent: Already Renamed com.apple.imautomatichistorydeletionagent.plist to com.apple.imautomatichistorydeletionagent.plist.bak

LaunchAgent: Requesting launchctl Disable of com.apple.imtransferagent
LaunchAgent: Already Renamed com.apple.imtransferagent.plist to com.apple.imtransferagent.plist.bak

LaunchAgent: Requesting launchctl Disable of com.apple.telephonyutilities.callservicesd
LaunchAgent: Already Renamed com.apple.telephonyutilities.callservicesd.plist to com.apple.telephonyutilities.callservicesd.plist.bak

LaunchAgent: Requesting launchctl Disable of com.apple.avconferenced
LaunchAgent: Already Renamed com.apple.avconferenced.plist to com.apple.avconferenced.plist.bak

LaunchAgent: Requesting launchctl Disable of com.apple.CommCenter-osx
LaunchAgent: Already Renamed com.apple.CommCenter-osx.plist to com.apple.CommCenter-osx.plist.bak

LaunchAgent: Requesting launchctl Disable of com.apple.rapportd-user
LaunchAgent: Already Renamed com.apple.rapportd-user.plist to com.apple.rapportd-user.plist.bak

LaunchAgent: Requesting launchctl Disable of com.apple.transparencyStaticKey
LaunchAgent: Already Renamed com.apple.transparencyStaticKey.plist to com.apple.transparencyStaticKey.plist.bak

LaunchAgent: Requesting launchctl Disable of com.apple.mediaanalysisd
LaunchAgent: Already Renamed com.apple.mediaanalysisd.plist to com.apple.mediaanalysisd.plist.bak

LaunchAgent: Requesting launchctl Disable of com.apple.peopled
LaunchAgent: Already Renamed com.apple.peopled.plist to com.apple.peopled.plist.bak

LaunchAgent: Requesting launchctl Disable of com.apple.photoanalysisd
LaunchAgent: Already Renamed com.apple.photoanalysisd.plist to com.apple.photoanalysisd.plist.bak

LaunchAgent: Requesting launchctl Disable of com.apple.photolibraryd
LaunchAgent: Already Renamed com.apple.photolibraryd.plist to com.apple.photolibraryd.plist.bak

LaunchAgent: Requesting launchctl Disable of com.apple.mediastream.mstreamd
LaunchAgent: Already Renamed com.apple.mediastream.mstreamd.plist to com.apple.mediastream.mstreamd.plist.bak

LaunchAgent: Requesting launchctl Disable of com.apple.Safari.PasswordBreachAgent
LaunchAgent: Already Renamed com.apple.Safari.PasswordBreachAgent.plist to com.apple.Safari.PasswordBreachAgent.plist.bak

LaunchAgent: Requesting launchctl Disable of com.apple.Safari.SafeBrowsing.Service
LaunchAgent: Already Renamed com.apple.Safari.SafeBrowsing.Service.plist to com.apple.Safari.SafeBrowsing.Service.plist.bak

LaunchAgent: Requesting launchctl Disable of com.apple.SafariBookmarksSyncAgent
LaunchAgent: Already Renamed com.apple.SafariBookmarksSyncAgent.plist to com.apple.SafariBookmarksSyncAgent.plist.bak

LaunchAgent: Requesting launchctl Disable of com.apple.siriactionsd
LaunchAgent: Already Renamed com.apple.siriactionsd.plist to com.apple.siriactionsd.plist.bak

LaunchAgent: Requesting launchctl Disable of com.apple.Siri.agent
LaunchAgent: Already Renamed com.apple.Siri.agent.plist to com.apple.Siri.agent.plist.bak

LaunchAgent: Requesting launchctl Disable of com.apple.proactiveeventtrackerd
LaunchAgent: Already Renamed com.apple.proactiveeventtrackerd.plist to com.apple.proactiveeventtrackerd.plist.bak

LaunchAgent: Requesting launchctl Disable of com.apple.triald
LaunchAgent: Already Renamed com.apple.triald.plist to com.apple.triald.plist.bak

LaunchAgent: Requesting launchctl Disable of com.apple.suggestd
LaunchAgent: Already Renamed com.apple.suggestd.plist to com.apple.suggestd.plist.bak

LaunchAgent: Requesting launchctl Disable of com.apple.siriknowledged
LaunchAgent: Already Renamed com.apple.siriknowledged.plist to com.apple.siriknowledged.plist.bak

LaunchAgent: Requesting launchctl Disable of com.apple.sirittsd
LaunchAgent: Already Renamed com.apple.sirittsd.plist to com.apple.sirittsd.plist.bak

LaunchAgent: Requesting launchctl Disable of com.apple.homed
LaunchAgent: Already Renamed com.apple.homed.plist to com.apple.homed.plist.bak

LaunchAgent: Requesting launchctl Disable of com.apple.geodMachServiceBridge
LaunchAgent: Already Renamed com.apple.geodMachServiceBridge.plist to com.apple.geodMachServiceBridge.plist.bak

LaunchAgent: Requesting launchctl Disable of com.apple.geod
LaunchAgent: 'com.apple.geod.plist' not found in /Volumes/Macintosh HD/System/Library/LaunchAgents/
Geod LaunchAgent: Already Disabled com.apple.geod for _locationd user

LaunchAgent: Requesting launchctl Disable of  
LaunchAgent: ' .plist' not found in /Volumes/Macintosh HD/System/Library/LaunchAgents/

LaunchAgent: Requesting launchctl Disable of com.apple.CoreLocationAgent
LaunchAgent: Already Renamed com.apple.CoreLocationAgent.plist to com.apple.CoreLocationAgent.plist.bak

LaunchAgent: Requesting launchctl Disable of com.apple.parsec-fbf
LaunchAgent: Already Renamed com.apple.parsec-fbf.plist to com.apple.parsec-fbf.plist.bak

LaunchAgent: Requesting launchctl Disable of com.apple.parsecd
LaunchAgent: Already Renamed com.apple.parsecd.plist to com.apple.parsecd.plist.bak

LaunchAgent: Requesting launchctl Disable of com.apple.routined
LaunchAgent: Already Renamed com.apple.routined.plist to com.apple.routined.plist.bak

LaunchAgent: Requesting launchctl Disable of com.apple.Maps.pushdaemon
LaunchAgent: Already Renamed com.apple.Maps.pushdaemon.plist to com.apple.Maps.pushdaemon.plist.bak

LaunchAgent: Requesting launchctl Disable of com.apple.screensharing.agent
LaunchAgent: Already Renamed com.apple.screensharing.agent.plist to com.apple.screensharing.agent.plist.bak

LaunchAgent: Requesting launchctl Disable of com.apple.screensharing.menuextra
LaunchAgent: Already Renamed com.apple.screensharing.menuextra.plist to com.apple.screensharing.menuextra.plist.bak

LaunchAgent: Requesting launchctl Disable of com.apple.screensharing.MessagesAgent
LaunchAgent: Already Renamed com.apple.screensharing.MessagesAgent.plist to com.apple.screensharing.MessagesAgent.plist.bak

LaunchAgent: Requesting launchctl Disable of com.apple.amp.mediasharingd
LaunchAgent: Already Renamed com.apple.amp.mediasharingd.plist to com.apple.amp.mediasharingd.plist.bak

LaunchAgent: Requesting launchctl Disable of com.apple.sharingd
LaunchAgent: Already Renamed com.apple.sharingd.plist to com.apple.sharingd.plist.bak

LaunchAgent: Requesting launchctl Disable of com.apple.sidecar-hid-relay
LaunchAgent: Already Renamed com.apple.sidecar-hid-relay.plist to com.apple.sidecar-hid-relay.plist.bak

LaunchAgent: Requesting launchctl Disable of com.apple.sidecar-relay
LaunchAgent: Already Renamed com.apple.sidecar-relay.plist to com.apple.sidecar-relay.plist.bak

LaunchAgent: Requesting launchctl Disable of com.apple.BiomeAgent
LaunchAgent: Already Renamed com.apple.BiomeAgent.plist to com.apple.BiomeAgent.plist.bak

LaunchAgent: Requesting launchctl Disable of com.apple.biomesyncd
LaunchAgent: Already Renamed com.apple.biomesyncd.plist to com.apple.biomesyncd.plist.bak

LaunchAgent: Requesting launchctl Disable of com.apple.intelligenceplatformd
LaunchAgent: Already Renamed com.apple.intelligenceplatformd.plist to com.apple.intelligenceplatformd.plist.bak

LaunchAgent: Requesting launchctl Disable of com.apple.knowledge-agent
LaunchAgent: Already Renamed com.apple.knowledge-agent.plist to com.apple.knowledge-agent.plist.bak

LaunchAgent: Requesting launchctl Disable of com.apple.knowledgeconstructiond
LaunchAgent: Already Renamed com.apple.knowledgeconstructiond.plist to com.apple.knowledgeconstructiond.plist.bak

LaunchAgent: Requesting launchctl Disable of com.apple.spotlightknowledged
LaunchAgent: Already Renamed com.apple.spotlightknowledged.plist to com.apple.spotlightknowledged.plist.bak

LaunchAgent: Requesting launchctl Disable of com.apple.ScreenTimeAgent
LaunchAgent: Already Renamed com.apple.ScreenTimeAgent.plist to com.apple.ScreenTimeAgent.plist.bak

LaunchAgent: Requesting launchctl Disable of com.apple.accessibility.MotionTrackingAgent
LaunchAgent: Already Renamed com.apple.accessibility.MotionTrackingAgent.plist to com.apple.accessibility.MotionTrackingAgent.plist.bak

LaunchAgent: Requesting launchctl Disable of com.apple.transparencyd
LaunchAgent: Already Renamed com.apple.transparencyd.plist to com.apple.transparencyd.plist.bak

LaunchAgent: Requesting launchctl Disable of com.apple.AMPArtworkAgent
LaunchAgent: Already Renamed com.apple.AMPArtworkAgent.plist to com.apple.AMPArtworkAgent.plist.bak

LaunchAgent: Requesting launchctl Disable of com.apple.AMPDeviceDiscoveryAgent
LaunchAgent: Already Renamed com.apple.AMPDeviceDiscoveryAgent.plist to com.apple.AMPDeviceDiscoveryAgent.plist.bak

LaunchAgent: Requesting launchctl Disable of com.apple.AMPLibraryAgent
LaunchAgent: Already Renamed com.apple.AMPLibraryAgent.plist to com.apple.AMPLibraryAgent.plist.bak

LaunchAgent: Requesting launchctl Disable of com.apple.ensemble
LaunchAgent: Already Renamed com.apple.ensemble.plist to com.apple.ensemble.plist.bak

LaunchAgent: Requesting launchctl Disable of com.apple.videosubscriptionsd
LaunchAgent: Already Renamed com.apple.videosubscriptionsd.plist to com.apple.videosubscriptionsd.plist.bak

LaunchAgent: Requesting launchctl Disable of com.apple.passd
LaunchAgent: Already Renamed com.apple.passd.plist to com.apple.passd.plist.bak

LaunchAgent: Requesting launchctl Disable of com.apple.FolderActionsDispatcher
LaunchAgent: Already Renamed com.apple.FolderActionsDispatcher.plist to com.apple.FolderActionsDispatcher.plist.bak

LaunchAgent: Requesting launchctl Disable of com.apple.ScriptMenuApp
LaunchAgent: Already Renamed com.apple.ScriptMenuApp.plist to com.apple.ScriptMenuApp.plist.bak

LaunchAgent: Requesting launchctl Disable of com.apple.Spotlight
LaunchAgent: Already Renamed com.apple.Spotlight.plist to com.apple.Spotlight.plist.bak

LaunchAgent: Requesting launchctl Disable of com.apple.AirPlayUIAgent
LaunchAgent: Already Renamed com.apple.AirPlayUIAgent.plist to com.apple.AirPlayUIAgent.plist.bak

LaunchAgent: Requesting launchctl Disable of com.apple.networkserviceproxy-osx
LaunchAgent: Already Renamed com.apple.networkserviceproxy-osx.plist to com.apple.networkserviceproxy-osx.plist.bak

LaunchAgent: Requesting launchctl Disable of com.apple.universalaccessd
LaunchAgent: Already Renamed com.apple.universalaccessd.plist to com.apple.universalaccessd.plist.bak

LaunchAgent: Requesting launchctl Disable of com.apple.WiFiVelocityAgent
LaunchAgent: Already Renamed com.apple.WiFiVelocityAgent.plist to com.apple.WiFiVelocityAgent.plist.bak

Done Disabling LaunchAgents
LaunchDaemon: Requesting Disable of com.apple.cloudd
LaunchDaemon: Already Renamed com.apple.cloudd.plist to com.apple.cloudd.plist.bak

LaunchDaemon: Requesting Disable of com.apple.icloud.findmydeviced
LaunchDaemon: Already Renamed com.apple.icloud.findmydeviced.plist to com.apple.icloud.findmydeviced.plist.bak

LaunchDaemon: Requesting Disable of com.apple.icloud.searchpartyd
LaunchDaemon: Already Renamed com.apple.icloud.searchpartyd.plist to com.apple.icloud.searchpartyd.plist.bak

LaunchDaemon: Requesting Disable of com.apple.coreduetd
LaunchDaemon: Already Renamed com.apple.coreduetd.plist to com.apple.coreduetd.plist.bak

LaunchDaemon: Requesting Disable of com.apple.screensharing
LaunchDaemon: Already Renamed com.apple.screensharing.plist to com.apple.screensharing.plist.bak

LaunchDaemon: Requesting Disable of com.apple.ManagedClient.cloudconfigurationd
LaunchDaemon: Already Renamed com.apple.ManagedClient.cloudconfigurationd.plist to com.apple.ManagedClient.cloudconfigurationd.plist.bak

LaunchDaemon: Requesting Disable of com.apple.ManagedClient.enroll
LaunchDaemon: Already Renamed com.apple.ManagedClient.enroll.plist to com.apple.ManagedClient.enroll.plist.bak

LaunchDaemon: Requesting Disable of com.apple.ManagedClient.startup
LaunchDaemon: Already Renamed com.apple.ManagedClient.startup.plist to com.apple.ManagedClient.startup.plist.bak

LaunchDaemon: Requesting Disable of com.apple.ManagedClient
LaunchDaemon: Already Renamed com.apple.ManagedClient.plist to com.apple.ManagedClient.plist.bak

LaunchDaemon: Requesting Disable of com.apple.ManagedClient.mechanism
LaunchDaemon: Already Renamed com.apple.ManagedClient.mechanism.plist to com.apple.ManagedClient.mechanism.plist.bak

LaunchDaemon: Requesting Disable of com.apple.analyticsd
LaunchDaemon: Already Renamed com.apple.analyticsd.plist to com.apple.analyticsd.plist.bak

LaunchDaemon: Requesting Disable of com.apple.osanalytics.osanalyticshelper
LaunchDaemon: Already Renamed com.apple.osanalytics.osanalyticshelper.plist to com.apple.osanalytics.osanalyticshelper.plist.bak

LaunchDaemon: Requesting Disable of com.apple.dhcp6d
LaunchDaemon: Already Renamed com.apple.dhcp6d.plist to com.apple.dhcp6d.plist.bak

LaunchDaemon: Requesting Disable of com.apple.familycontrols
LaunchDaemon: Already Renamed com.apple.familycontrols.plist to com.apple.familycontrols.plist.bak

LaunchDaemon: Requesting Disable of com.apple.findmymacmessenger
LaunchDaemon: Already Renamed com.apple.findmymacmessenger.plist to com.apple.findmymacmessenger.plist.bak

LaunchDaemon: Requesting Disable of com.apple.ftp-proxy
LaunchDaemon: Already Renamed com.apple.ftp-proxy.plist to com.apple.ftp-proxy.plist.bak

LaunchDaemon: Requesting Disable of com.apple.GameController.gamecontrollerd
LaunchDaemon: Already Renamed com.apple.GameController.gamecontrollerd.plist to com.apple.GameController.gamecontrollerd.plist.bak

LaunchDaemon: Requesting Disable of com.apple.netbiosd
LaunchDaemon: Already Renamed com.apple.netbiosd.plist to com.apple.netbiosd.plist.bak

LaunchDaemon: Requesting Disable of com.apple.nsurlsessiond
LaunchDaemon: Already Renamed com.apple.nsurlsessiond.plist to com.apple.nsurlsessiond.plist.bak

LaunchDaemon: Requesting Disable of com.apple.rapportd
LaunchDaemon: Already Renamed com.apple.rapportd.plist to com.apple.rapportd.plist.bak

LaunchDaemon: Requesting Disable of com.apple.siriinferenced
LaunchDaemon: Already Renamed com.apple.siriinferenced.plist to com.apple.siriinferenced.plist.bak

LaunchDaemon: Requesting Disable of com.apple.triald.system
LaunchDaemon: Already Renamed com.apple.triald.system.plist to com.apple.triald.system.plist.bak

LaunchDaemon: Requesting Disable of com.apple.wifianalyticsd
LaunchDaemon: Already Renamed com.apple.wifianalyticsd.plist to com.apple.wifianalyticsd.plist.bak

Done Disabling LaunchDaemons
LaunchAgent: Requesting launchctl Disable of com.apple.icloud.fmfd
LaunchAgent: Already Renamed com.apple.icloud.fmfd.plist to com.apple.icloud.fmfd.plist.bak

LaunchAgent: Requesting launchctl Disable of com.apple.iCloudNotificationAgent
LaunchAgent: Already Renamed com.apple.iCloudNotificationAgent.plist to com.apple.iCloudNotificationAgent.plist.bak

LaunchAgent: Requesting launchctl Disable of com.apple.iCloudUserNotifications
LaunchAgent: Already Renamed com.apple.iCloudUserNotifications.plist to com.apple.iCloudUserNotifications.plist.bak

LaunchAgent: Requesting launchctl Disable of com.apple.icloud.searchpartyuseragent
LaunchAgent: Already Renamed com.apple.icloud.searchpartyuseragent.plist to com.apple.icloud.searchpartyuseragent.plist.bak

LaunchAgent: Requesting launchctl Disable of com.apple.icloud.findmydeviced.findmydevice-user-agent
LaunchAgent: Already Renamed com.apple.icloud.findmydeviced.findmydevice-user-agent.plist to com.apple.icloud.findmydeviced.findmydevice-user-agent.plist.bak

LaunchAgent: Requesting launchctl Disable of com.apple.cloudd
LaunchAgent: Already Renamed com.apple.cloudd.plist to com.apple.cloudd.plist.bak

LaunchAgent: Requesting launchctl Disable of com.apple.cloudpaird
LaunchAgent: Already Renamed com.apple.cloudpaird.plist to com.apple.cloudpaird.plist.bak

LaunchAgent: Requesting launchctl Disable of com.apple.cloudphotod
LaunchAgent: Already Renamed com.apple.cloudphotod.plist to com.apple.cloudphotod.plist.bak

LaunchAgent: Requesting launchctl Disable of com.apple.CloudSettingsSyncAgent
LaunchAgent: Already Renamed com.apple.CloudSettingsSyncAgent.plist to com.apple.CloudSettingsSyncAgent.plist.bak

LaunchAgent: Requesting launchctl Disable of com.apple.dataaccess.dataaccessd
LaunchAgent: Already Renamed com.apple.dataaccess.dataaccessd.plist to com.apple.dataaccess.dataaccessd.plist.bak

LaunchAgent: Requesting launchctl Disable of com.apple.itunescloudd
LaunchAgent: Already Renamed com.apple.itunescloudd.plist to com.apple.itunescloudd.plist.bak

LaunchAgent: Requesting launchctl Disable of com.apple.syncdefaultsd
LaunchAgent: Already Renamed com.apple.syncdefaultsd.plist to com.apple.syncdefaultsd.plist.bak

LaunchAgent: Requesting launchctl Disable of com.apple.followupd
LaunchAgent: Already Renamed com.apple.followupd.plist to com.apple.followupd.plist.bak

LaunchAgent: Requesting launchctl Disable of com.apple.amsengagementd
LaunchAgent: Already Renamed com.apple.amsengagementd.plist to com.apple.amsengagementd.plist.bak

LaunchAgent: Requesting launchctl Disable of com.apple.sociallayerd
LaunchAgent: Already Renamed com.apple.sociallayerd.plist to com.apple.sociallayerd.plist.bak

LaunchAgent: Requesting launchctl Disable of com.apple.protectedcloudstorage.protectedcloudkeysyncing
LaunchAgent: Already Renamed com.apple.protectedcloudstorage.protectedcloudkeysyncing.plist to com.apple.protectedcloudstorage.protectedcloudkeysyncing.plist.bak

LaunchAgent: Requesting launchctl Disable of com.apple.security.cloudkeychainproxy3
LaunchAgent: Already Renamed com.apple.security.cloudkeychainproxy3.plist to com.apple.security.cloudkeychainproxy3.plist.bak

LaunchAgent: Requesting launchctl Disable of com.apple.ManagedClientAgent.enrollagent
LaunchAgent: Already Renamed com.apple.ManagedClientAgent.enrollagent.plist to com.apple.ManagedClientAgent.enrollagent.plist.bak

LaunchAgent: Requesting launchctl Disable of com.apple.ManagedClientAgent.agent
LaunchAgent: Already Renamed com.apple.ManagedClientAgent.agent.plist to com.apple.ManagedClientAgent.agent.plist.bak

LaunchAgent: Requesting launchctl Disable of com.apple.ap.adprivacyd
LaunchAgent: Already Renamed com.apple.ap.adprivacyd.plist to com.apple.ap.adprivacyd.plist.bak

LaunchAgent: Requesting launchctl Disable of com.apple.ap.promotedcontentd
LaunchAgent: Already Renamed com.apple.ap.promotedcontentd.plist to com.apple.ap.promotedcontentd.plist.bak

LaunchAgent: Requesting launchctl Disable of com.apple.contactsd
LaunchAgent: Already Renamed com.apple.contactsd.plist to com.apple.contactsd.plist.bak

LaunchAgent: Requesting launchctl Disable of com.apple.AddressBook.AssistantService
LaunchAgent: Already Renamed com.apple.AddressBook.AssistantService.plist to com.apple.AddressBook.AssistantService.plist.bak

LaunchAgent: Requesting launchctl Disable of com.apple.AddressBook.SourceSync
LaunchAgent: Already Renamed com.apple.AddressBook.SourceSync.plist to com.apple.AddressBook.SourceSync.plist.bak

LaunchAgent: Requesting launchctl Disable of com.apple.AddressBook.abd
LaunchAgent: Already Renamed com.apple.AddressBook.abd.plist to com.apple.AddressBook.abd.plist.bak

LaunchAgent: Requesting launchctl Disable of com.apple.calaccessd
LaunchAgent: Already Renamed com.apple.calaccessd.plist to com.apple.calaccessd.plist.bak

LaunchAgent: Requesting launchctl Disable of com.apple.CallHistoryPluginHelper
LaunchAgent: Already Renamed com.apple.CallHistoryPluginHelper.plist to com.apple.CallHistoryPluginHelper.plist.bak

LaunchAgent: Requesting launchctl Disable of com.apple.familycircled
LaunchAgent: Already Renamed com.apple.familycircled.plist to com.apple.familycircled.plist.bak

LaunchAgent: Requesting launchctl Disable of com.apple.familycontrols.useragent
LaunchAgent: Already Renamed com.apple.familycontrols.useragent.plist to com.apple.familycontrols.useragent.plist.bak

LaunchAgent: Requesting launchctl Disable of com.apple.familynotificationd
LaunchAgent: Already Renamed com.apple.familynotificationd.plist to com.apple.familynotificationd.plist.bak

LaunchAgent: Requesting launchctl Disable of com.apple.UsageTrackingAgent
LaunchAgent: Already Renamed com.apple.UsageTrackingAgent.plist to com.apple.UsageTrackingAgent.plist.bak

LaunchAgent: Requesting launchctl Disable of com.apple.financed
LaunchAgent: Already Renamed com.apple.financed.plist to com.apple.financed.plist.bak

LaunchAgent: Requesting launchctl Disable of com.apple.gamed
LaunchAgent: Already Renamed com.apple.gamed.plist to com.apple.gamed.plist.bak

LaunchAgent: Requesting launchctl Disable of com.apple.newsd
LaunchAgent: Already Renamed com.apple.newsd.plist to com.apple.newsd.plist.bak

LaunchAgent: Requesting launchctl Disable of com.apple.weatherd
LaunchAgent: Already Renamed com.apple.weatherd.plist to com.apple.weatherd.plist.bak

LaunchAgent: Requesting launchctl Disable of com.apple.macos.studentd
LaunchAgent: Already Renamed com.apple.macos.studentd.plist to com.apple.macos.studentd.plist.bak

LaunchAgent: Requesting launchctl Disable of com.apple.progressd
LaunchAgent: Already Renamed com.apple.progressd.plist to com.apple.progressd.plist.bak

LaunchAgent: Requesting launchctl Disable of com.apple.remindd
LaunchAgent: Already Renamed com.apple.remindd.plist to com.apple.remindd.plist.bak

LaunchAgent: Requesting launchctl Disable of com.apple.helpd
LaunchAgent: Already Renamed com.apple.helpd.plist to com.apple.helpd.plist.bak

LaunchAgent: Requesting launchctl Disable of com.apple.tipsd
LaunchAgent: Already Renamed com.apple.tipsd.plist to com.apple.tipsd.plist.bak

LaunchAgent: Requesting launchctl Disable of com.apple.assistant_service
LaunchAgent: Already Renamed com.apple.assistant_service.plist to com.apple.assistant_service.plist.bak

LaunchAgent: Requesting launchctl Disable of com.apple.assistantd
LaunchAgent: Already Renamed com.apple.assistantd.plist to com.apple.assistantd.plist.bak

LaunchAgent: Requesting launchctl Disable of com.apple.imagent
LaunchAgent: Already Renamed com.apple.imagent.plist to com.apple.imagent.plist.bak

LaunchAgent: Requesting launchctl Disable of com.apple.imautomatichistorydeletionagent
LaunchAgent: Already Renamed com.apple.imautomatichistorydeletionagent.plist to com.apple.imautomatichistorydeletionagent.plist.bak

LaunchAgent: Requesting launchctl Disable of com.apple.imtransferagent
LaunchAgent: Already Renamed com.apple.imtransferagent.plist to com.apple.imtransferagent.plist.bak

LaunchAgent: Requesting launchctl Disable of com.apple.telephonyutilities.callservicesd
LaunchAgent: Already Renamed com.apple.telephonyutilities.callservicesd.plist to com.apple.telephonyutilities.callservicesd.plist.bak

LaunchAgent: Requesting launchctl Disable of com.apple.avconferenced
LaunchAgent: Already Renamed com.apple.avconferenced.plist to com.apple.avconferenced.plist.bak

LaunchAgent: Requesting launchctl Disable of com.apple.CommCenter-osx
LaunchAgent: Already Renamed com.apple.CommCenter-osx.plist to com.apple.CommCenter-osx.plist.bak

LaunchAgent: Requesting launchctl Disable of com.apple.rapportd-user
LaunchAgent: Already Renamed com.apple.rapportd-user.plist to com.apple.rapportd-user.plist.bak

LaunchAgent: Requesting launchctl Disable of com.apple.transparencyStaticKey
LaunchAgent: Already Renamed com.apple.transparencyStaticKey.plist to com.apple.transparencyStaticKey.plist.bak

LaunchAgent: Requesting launchctl Disable of com.apple.mediaanalysisd
LaunchAgent: Already Renamed com.apple.mediaanalysisd.plist to com.apple.mediaanalysisd.plist.bak

LaunchAgent: Requesting launchctl Disable of com.apple.peopled
LaunchAgent: Already Renamed com.apple.peopled.plist to com.apple.peopled.plist.bak

LaunchAgent: Requesting launchctl Disable of com.apple.photoanalysisd
LaunchAgent: Already Renamed com.apple.photoanalysisd.plist to com.apple.photoanalysisd.plist.bak

LaunchAgent: Requesting launchctl Disable of com.apple.photolibraryd
LaunchAgent: Already Renamed com.apple.photolibraryd.plist to com.apple.photolibraryd.plist.bak

LaunchAgent: Requesting launchctl Disable of com.apple.mediastream.mstreamd
LaunchAgent: Already Renamed com.apple.mediastream.mstreamd.plist to com.apple.mediastream.mstreamd.plist.bak

LaunchAgent: Requesting launchctl Disable of com.apple.Safari.PasswordBreachAgent
LaunchAgent: Already Renamed com.apple.Safari.PasswordBreachAgent.plist to com.apple.Safari.PasswordBreachAgent.plist.bak

LaunchAgent: Requesting launchctl Disable of com.apple.Safari.SafeBrowsing.Service
LaunchAgent: Already Renamed com.apple.Safari.SafeBrowsing.Service.plist to com.apple.Safari.SafeBrowsing.Service.plist.bak

LaunchAgent: Requesting launchctl Disable of com.apple.SafariBookmarksSyncAgent
LaunchAgent: Already Renamed com.apple.SafariBookmarksSyncAgent.plist to com.apple.SafariBookmarksSyncAgent.plist.bak

LaunchAgent: Requesting launchctl Disable of com.apple.siriactionsd
LaunchAgent: Already Renamed com.apple.siriactionsd.plist to com.apple.siriactionsd.plist.bak

LaunchAgent: Requesting launchctl Disable of com.apple.Siri.agent
LaunchAgent: Already Renamed com.apple.Siri.agent.plist to com.apple.Siri.agent.plist.bak

LaunchAgent: Requesting launchctl Disable of com.apple.proactiveeventtrackerd
LaunchAgent: Already Renamed com.apple.proactiveeventtrackerd.plist to com.apple.proactiveeventtrackerd.plist.bak

LaunchAgent: Requesting launchctl Disable of com.apple.triald
LaunchAgent: Already Renamed com.apple.triald.plist to com.apple.triald.plist.bak

LaunchAgent: Requesting launchctl Disable of com.apple.suggestd
LaunchAgent: Already Renamed com.apple.suggestd.plist to com.apple.suggestd.plist.bak

LaunchAgent: Requesting launchctl Disable of com.apple.siriknowledged
LaunchAgent: Already Renamed com.apple.siriknowledged.plist to com.apple.siriknowledged.plist.bak

LaunchAgent: Requesting launchctl Disable of com.apple.sirittsd
LaunchAgent: Already Renamed com.apple.sirittsd.plist to com.apple.sirittsd.plist.bak

LaunchAgent: Requesting launchctl Disable of com.apple.homed
LaunchAgent: Already Renamed com.apple.homed.plist to com.apple.homed.plist.bak

LaunchAgent: Requesting launchctl Disable of com.apple.geodMachServiceBridge
LaunchAgent: Already Renamed com.apple.geodMachServiceBridge.plist to com.apple.geodMachServiceBridge.plist.bak

LaunchAgent: Requesting launchctl Disable of com.apple.geod
LaunchAgent: 'com.apple.geod.plist' not found in /Volumes/Macintosh HD/System/Library/LaunchAgents/
Geod LaunchAgent: Already Disabled com.apple.geod for _locationd user

LaunchAgent: Requesting launchctl Disable of com.apple.CoreLocationAgent
LaunchAgent: Already Renamed com.apple.CoreLocationAgent.plist to com.apple.CoreLocationAgent.plist.bak

LaunchAgent: Requesting launchctl Disable of com.apple.parsec-fbf
LaunchAgent: Already Renamed com.apple.parsec-fbf.plist to com.apple.parsec-fbf.plist.bak

LaunchAgent: Requesting launchctl Disable of com.apple.parsecd
LaunchAgent: Already Renamed com.apple.parsecd.plist to com.apple.parsecd.plist.bak

LaunchAgent: Requesting launchctl Disable of com.apple.routined
LaunchAgent: Already Renamed com.apple.routined.plist to com.apple.routined.plist.bak

LaunchAgent: Requesting launchctl Disable of com.apple.Maps.pushdaemon
LaunchAgent: Already Renamed com.apple.Maps.pushdaemon.plist to com.apple.Maps.pushdaemon.plist.bak

LaunchAgent: Requesting launchctl Disable of com.apple.screensharing.agent
LaunchAgent: Already Renamed com.apple.screensharing.agent.plist to com.apple.screensharing.agent.plist.bak

LaunchAgent: Requesting launchctl Disable of com.apple.screensharing.menuextra
LaunchAgent: Already Renamed com.apple.screensharing.menuextra.plist to com.apple.screensharing.menuextra.plist.bak

LaunchAgent: Requesting launchctl Disable of com.apple.screensharing.MessagesAgent
LaunchAgent: Already Renamed com.apple.screensharing.MessagesAgent.plist to com.apple.screensharing.MessagesAgent.plist.bak

LaunchAgent: Requesting launchctl Disable of com.apple.amp.mediasharingd
LaunchAgent: Already Renamed com.apple.amp.mediasharingd.plist to com.apple.amp.mediasharingd.plist.bak

LaunchAgent: Requesting launchctl Disable of com.apple.sharingd
LaunchAgent: Already Renamed com.apple.sharingd.plist to com.apple.sharingd.plist.bak

LaunchAgent: Requesting launchctl Disable of com.apple.sidecar-hid-relay
LaunchAgent: Already Renamed com.apple.sidecar-hid-relay.plist to com.apple.sidecar-hid-relay.plist.bak

LaunchAgent: Requesting launchctl Disable of com.apple.sidecar-relay
LaunchAgent: Already Renamed com.apple.sidecar-relay.plist to com.apple.sidecar-relay.plist.bak

LaunchAgent: Requesting launchctl Disable of com.apple.BiomeAgent
LaunchAgent: Already Renamed com.apple.BiomeAgent.plist to com.apple.BiomeAgent.plist.bak

LaunchAgent: Requesting launchctl Disable of com.apple.biomesyncd
LaunchAgent: Already Renamed com.apple.biomesyncd.plist to com.apple.biomesyncd.plist.bak

LaunchAgent: Requesting launchctl Disable of com.apple.intelligenceplatformd
LaunchAgent: Already Renamed com.apple.intelligenceplatformd.plist to com.apple.intelligenceplatformd.plist.bak

LaunchAgent: Requesting launchctl Disable of com.apple.knowledge-agent
LaunchAgent: Already Renamed com.apple.knowledge-agent.plist to com.apple.knowledge-agent.plist.bak

LaunchAgent: Requesting launchctl Disable of com.apple.knowledgeconstructiond
LaunchAgent: Already Renamed com.apple.knowledgeconstructiond.plist to com.apple.knowledgeconstructiond.plist.bak

LaunchAgent: Requesting launchctl Disable of com.apple.spotlightknowledged
LaunchAgent: Already Renamed com.apple.spotlightknowledged.plist to com.apple.spotlightknowledged.plist.bak

LaunchAgent: Requesting launchctl Disable of com.apple.ScreenTimeAgent
LaunchAgent: Already Renamed com.apple.ScreenTimeAgent.plist to com.apple.ScreenTimeAgent.plist.bak

LaunchAgent: Requesting launchctl Disable of com.apple.accessibility.MotionTrackingAgent
LaunchAgent: Already Renamed com.apple.accessibility.MotionTrackingAgent.plist to com.apple.accessibility.MotionTrackingAgent.plist.bak

LaunchAgent: Requesting launchctl Disable of com.apple.transparencyd
LaunchAgent: Already Renamed com.apple.transparencyd.plist to com.apple.transparencyd.plist.bak

LaunchAgent: Requesting launchctl Disable of com.apple.AMPArtworkAgent
LaunchAgent: Already Renamed com.apple.AMPArtworkAgent.plist to com.apple.AMPArtworkAgent.plist.bak

LaunchAgent: Requesting launchctl Disable of com.apple.AMPDeviceDiscoveryAgent
LaunchAgent: Already Renamed com.apple.AMPDeviceDiscoveryAgent.plist to com.apple.AMPDeviceDiscoveryAgent.plist.bak

LaunchAgent: Requesting launchctl Disable of com.apple.AMPLibraryAgent
LaunchAgent: Already Renamed com.apple.AMPLibraryAgent.plist to com.apple.AMPLibraryAgent.plist.bak

LaunchAgent: Requesting launchctl Disable of com.apple.ensemble
LaunchAgent: Already Renamed com.apple.ensemble.plist to com.apple.ensemble.plist.bak

LaunchAgent: Requesting launchctl Disable of com.apple.videosubscriptionsd
LaunchAgent: Already Renamed com.apple.videosubscriptionsd.plist to com.apple.videosubscriptionsd.plist.bak

LaunchAgent: Requesting launchctl Disable of com.apple.passd
LaunchAgent: Already Renamed com.apple.passd.plist to com.apple.passd.plist.bak

LaunchAgent: Requesting launchctl Disable of com.apple.FolderActionsDispatcher
LaunchAgent: Already Renamed com.apple.FolderActionsDispatcher.plist to com.apple.FolderActionsDispatcher.plist.bak

LaunchAgent: Requesting launchctl Disable of com.apple.ScriptMenuApp
LaunchAgent: Already Renamed com.apple.ScriptMenuApp.plist to com.apple.ScriptMenuApp.plist.bak

LaunchAgent: Requesting launchctl Disable of com.apple.Spotlight
LaunchAgent: Already Renamed com.apple.Spotlight.plist to com.apple.Spotlight.plist.bak

LaunchAgent: Requesting launchctl Disable of com.apple.AirPlayUIAgent
LaunchAgent: Already Renamed com.apple.AirPlayUIAgent.plist to com.apple.AirPlayUIAgent.plist.bak

LaunchAgent: Requesting launchctl Disable of com.apple.networkserviceproxy-osx
LaunchAgent: Already Renamed com.apple.networkserviceproxy-osx.plist to com.apple.networkserviceproxy-osx.plist.bak

LaunchAgent: Requesting launchctl Disable of com.apple.universalaccessd
LaunchAgent: Already Renamed com.apple.universalaccessd.plist to com.apple.universalaccessd.plist.bak

LaunchAgent: Requesting launchctl Disable of com.apple.WiFiVelocityAgent
LaunchAgent: Already Renamed com.apple.WiFiVelocityAgent.plist to com.apple.WiFiVelocityAgent.plist.bak

Done Disabling LaunchAgents
LaunchDaemon: Requesting Disable of com.apple.cloudd
LaunchDaemon: Already Renamed com.apple.cloudd.plist to com.apple.cloudd.plist.bak

LaunchDaemon: Requesting Disable of com.apple.icloud.findmydeviced
LaunchDaemon: Already Renamed com.apple.icloud.findmydeviced.plist to com.apple.icloud.findmydeviced.plist.bak

LaunchDaemon: Requesting Disable of com.apple.icloud.searchpartyd
LaunchDaemon: Already Renamed com.apple.icloud.searchpartyd.plist to com.apple.icloud.searchpartyd.plist.bak

LaunchDaemon: Requesting Disable of com.apple.coreduetd
LaunchDaemon: Already Renamed com.apple.coreduetd.plist to com.apple.coreduetd.plist.bak

LaunchDaemon: Requesting Disable of com.apple.screensharing
LaunchDaemon: Already Renamed com.apple.screensharing.plist to com.apple.screensharing.plist.bak

LaunchDaemon: Requesting Disable of com.apple.ManagedClient.cloudconfigurationd
LaunchDaemon: Already Renamed com.apple.ManagedClient.cloudconfigurationd.plist to com.apple.ManagedClient.cloudconfigurationd.plist.bak

LaunchDaemon: Requesting Disable of com.apple.ManagedClient.enroll
LaunchDaemon: Already Renamed com.apple.ManagedClient.enroll.plist to com.apple.ManagedClient.enroll.plist.bak

LaunchDaemon: Requesting Disable of com.apple.ManagedClient.startup
LaunchDaemon: Already Renamed com.apple.ManagedClient.startup.plist to com.apple.ManagedClient.startup.plist.bak

LaunchDaemon: Requesting Disable of com.apple.ManagedClient
LaunchDaemon: Already Renamed com.apple.ManagedClient.plist to com.apple.ManagedClient.plist.bak

LaunchDaemon: Requesting Disable of com.apple.ManagedClient.mechanism
LaunchDaemon: Already Renamed com.apple.ManagedClient.mechanism.plist to com.apple.ManagedClient.mechanism.plist.bak

LaunchDaemon: Requesting Disable of com.apple.analyticsd
LaunchDaemon: Already Renamed com.apple.analyticsd.plist to com.apple.analyticsd.plist.bak

LaunchDaemon: Requesting Disable of com.apple.osanalytics.osanalyticshelper
LaunchDaemon: Already Renamed com.apple.osanalytics.osanalyticshelper.plist to com.apple.osanalytics.osanalyticshelper.plist.bak

LaunchDaemon: Requesting Disable of com.apple.dhcp6d
LaunchDaemon: Already Renamed com.apple.dhcp6d.plist to com.apple.dhcp6d.plist.bak

LaunchDaemon: Requesting Disable of com.apple.familycontrols
LaunchDaemon: Already Renamed com.apple.familycontrols.plist to com.apple.familycontrols.plist.bak

LaunchDaemon: Requesting Disable of com.apple.findmymacmessenger
LaunchDaemon: Already Renamed com.apple.findmymacmessenger.plist to com.apple.findmymacmessenger.plist.bak

LaunchDaemon: Requesting Disable of com.apple.ftp-proxy
LaunchDaemon: Already Renamed com.apple.ftp-proxy.plist to com.apple.ftp-proxy.plist.bak

LaunchDaemon: Requesting Disable of com.apple.GameController.gamecontrollerd
LaunchDaemon: Already Renamed com.apple.GameController.gamecontrollerd.plist to com.apple.GameController.gamecontrollerd.plist.bak

LaunchDaemon: Requesting Disable of com.apple.netbiosd
LaunchDaemon: Already Renamed com.apple.netbiosd.plist to com.apple.netbiosd.plist.bak

LaunchDaemon: Requesting Disable of com.apple.nsurlsessiond
LaunchDaemon: Already Renamed com.apple.nsurlsessiond.plist to com.apple.nsurlsessiond.plist.bak

LaunchDaemon: Requesting Disable of com.apple.rapportd
LaunchDaemon: Already Renamed com.apple.rapportd.plist to com.apple.rapportd.plist.bak

LaunchDaemon: Requesting Disable of com.apple.siriinferenced
LaunchDaemon: Already Renamed com.apple.siriinferenced.plist to com.apple.siriinferenced.plist.bak

LaunchDaemon: Requesting Disable of com.apple.triald.system
LaunchDaemon: Already Renamed com.apple.triald.system.plist to com.apple.triald.system.plist.bak

LaunchDaemon: Requesting Disable of com.apple.wifianalyticsd
LaunchDaemon: Already Renamed com.apple.wifianalyticsd.plist to com.apple.wifianalyticsd.plist.bak

Done Disabling LaunchDaemons
